<?xml version="1.0" encoding="UTF-8"?>
<!-- Generated by org.testng.reporters.JUnitXMLReporter -->
<testsuite ignored="0" hostname="AKASH" failures="0" tests="4" name="Default test" time="10.493" errors="0" timestamp="2021-09-22T22:45:25 IST">
  <testcase classname="assignment1.Homepage_Test" name="loginTest" time="8.244"/>
  <testcase classname="assignment1.Homepage_Test" name="homepageLogoTest" time="0.108"/>
  <testcase classname="assignment1.Homepage_Test" name="logoLinkRedirectTest" time="0.07"/>
  <testcase classname="assignment1.Homepage_Test" name="editCustomerLinkVerify" time="0.479"/>
</testsuite> <!-- Default test -->
