<?xml version="1.0" encoding="UTF-8"?>
<testng-results ignored="0" total="4" passed="4" failed="0" skipped="0">
  <reporter-output>
  </reporter-output>
  <suite started-at="2021-09-22T22:45:15 IST" name="Default suite" finished-at="2021-09-22T22:45:25 IST" duration-ms="10493">
    <groups>
    </groups>
    <test started-at="2021-09-22T22:45:15 IST" name="Default test" finished-at="2021-09-22T22:45:25 IST" duration-ms="10493">
      <class name="assignment1.Homepage_Test">
        <test-method is-config="true" signature="setUp()[pri:0, instance:assignment1.Homepage_Test@5db250b4]" started-at="2021-09-22T22:45:15 IST" name="setUp" finished-at="2021-09-22T22:45:16 IST" duration-ms="1532" status="PASS">
          <reporter-output>
          </reporter-output>
        </test-method> <!-- setUp -->
        <test-method signature="loginTest()[pri:1, instance:assignment1.Homepage_Test@5db250b4]" started-at="2021-09-22T22:45:16 IST" name="loginTest" finished-at="2021-09-22T22:45:24 IST" duration-ms="8244" status="PASS">
          <reporter-output>
          </reporter-output>
        </test-method> <!-- loginTest -->
        <test-method signature="homepageLogoTest()[pri:2, instance:assignment1.Homepage_Test@5db250b4]" started-at="2021-09-22T22:45:24 IST" name="homepageLogoTest" finished-at="2021-09-22T22:45:25 IST" depends-on-methods="assignment1.Homepage_Test.loginTest" duration-ms="108" status="PASS">
          <reporter-output>
          </reporter-output>
        </test-method> <!-- homepageLogoTest -->
        <test-method signature="logoLinkRedirectTest()[pri:3, instance:assignment1.Homepage_Test@5db250b4]" started-at="2021-09-22T22:45:25 IST" name="logoLinkRedirectTest" finished-at="2021-09-22T22:45:25 IST" depends-on-methods="assignment1.Homepage_Test.loginTest" duration-ms="70" status="PASS">
          <reporter-output>
          </reporter-output>
        </test-method> <!-- logoLinkRedirectTest -->
        <test-method signature="editCustomerLinkVerify()[pri:4, instance:assignment1.Homepage_Test@5db250b4]" started-at="2021-09-22T22:45:25 IST" name="editCustomerLinkVerify" finished-at="2021-09-22T22:45:25 IST" duration-ms="479" status="PASS">
          <reporter-output>
          </reporter-output>
        </test-method> <!-- editCustomerLinkVerify -->
      </class> <!-- assignment1.Homepage_Test -->
    </test> <!-- Default test -->
  </suite> <!-- Default suite -->
</testng-results>
